<?xml version="1.0" encoding="UTF-8"?>
<!-- Generated by org.testng.reporters.JUnitReportReporter -->
<testsuite hostname="DESKTOP-UMV0P2T" failures="0" tests="5" name="application.logic.CarriagesTest" time="0.099" errors="0" timestamp="13 окт. 2018 08:43:42 GMT" skipped="0">
  <testcase classname="application.logic.CarriagesTest" name="testToString" time="0.061"/>
  <testcase classname="application.logic.CarriagesTest" name="testFreightCarriagePassengers" time="0.001"/>
  <testcase classname="application.logic.CarriagesTest" name="testFreightCarriageLoadBaggage" time="0.003"/>
  <testcase classname="application.logic.CarriagesTest" name="testFreightCarriageOverload" time="0.000"/>
  <testcase classname="application.logic.CarriagesTest" name="testBaggageCarriagePassengers" time="0.034"/>
</testsuite> <!-- application.logic.CarriagesTest -->
