<?xml version="1.0" encoding="UTF-8"?>
<!-- Generated by org.testng.reporters.JUnitReportReporter -->
<testsuite hostname="DESKTOP-UMV0P2T" failures="0" tests="8" name="application.logic.TrainTest" time="0.060" errors="0" timestamp="13 окт. 2018 08:43:42 GMT" skipped="0">
  <testcase classname="application.logic.TrainTest" name="testSortByCurrentPassengers" time="0.014"/>
  <testcase classname="application.logic.TrainTest" name="testSortByMaxPassengers" time="0.032"/>
  <testcase classname="application.logic.TrainTest" name="testCalculateCurrentPassengers" time="0.001"/>
  <testcase classname="application.logic.TrainTest" name="testGetTrainLength" time="0.004"/>
  <testcase classname="application.logic.TrainTest" name="testAddCarriage" time="0.003"/>
  <testcase classname="application.logic.TrainTest" name="testToString" time="0.003"/>
  <testcase classname="application.logic.TrainTest" name="testCalculateMaxPassengers" time="0.002"/>
  <testcase classname="application.logic.TrainTest" name="testAddCarriages" time="0.001"/>
</testsuite> <!-- application.logic.TrainTest -->
